<?xml version="1.0" encoding="UTF-8"?>
<!-- Generated by org.testng.reporters.JUnitXMLReporter -->
<testsuite ignored="1" hostname="LAPTOP-LULDE715" failures="0" tests="1" name="Default test" time="89.898" errors="0" timestamp="2023-07-26T21:03:01 IDT">
  <testcase classname="tests.ProjectsTest" name="tc01_addNewProject" time="58.442"/>
  <testcase classname="tests.ProjectsTest" name="tc02_searchProject" time="0.0">
    <ignored/>
  </testcase> <!-- tc02_searchProject -->
</testsuite> <!-- Default test -->
