<?xml version="1.0" encoding="UTF-8"?>
<!-- Generated by org.testng.reporters.JUnitXMLReporter -->
<testsuite ignored="0" hostname="LAPTOP-LULDE715" failures="1" tests="15" name="Test" time="507.302" errors="0" timestamp="2023-09-20T13:52:13 IDT">
  <testcase classname="tests.LoginTest" name="tc01_login" time="1.358"/>
  <testcase classname="tests.FailedLoginTest" name="tc01_failedLogin" time="10.339"/>
  <testcase classname="tests.FailedLoginTest" name="tc01_failedLogin" time="8.787"/>
  <testcase classname="tests.FailedLoginTest" name="tc01_failedLogin" time="8.702"/>
  <testcase classname="tests.FailedLoginTest" name="tc02_failedLogin" time="8.7"/>
  <testcase classname="tests.FailedLoginTest" name="tc03_failedLogin" time="8.703"/>
  <testcase classname="tests.ProjectsTest" name="tc01_addNewProject" time="46.106"/>
  <testcase classname="tests.ProjectsTest" name="tc02_searchProject" time="45.402"/>
  <testcase classname="tests.SortTest" name="tc01_sortByNameAsc" time="1.409"/>
  <testcase classname="tests.SortTest" name="tc02_sortByNameDesc" time="1.325"/>
  <testcase classname="tests.ProjectOptionsTest" name="tc01_previewProject" time="57.841"/>
  <testcase classname="tests.ProjectOptionsTest" name="tc02_deleteProject" time="70.273"/>
  <testcase classname="tests.ProjectOptionsTest" name="tc03_publishProject" time="65.182">
    <failure type="java.lang.AssertionError" message="expected [you need a paid plan to be able to publish.] but found []">
      <![CDATA[java.lang.AssertionError: expected [you need a paid plan to be able to publish.] but found []
at tests.ProjectOptionsTest.tc03_publishProject(ProjectOptionsTest.java:67)
at java.base/java.util.ArrayList.forEach(ArrayList.java:1511)
... Removed 33 stack frames]]>
    </failure>
  </testcase> <!-- tc03_publishProject -->
  <testcase classname="tests.WorkspacesTest" name="tc01_addNewWorkspace" time="9.504"/>
  <testcase classname="tests.WorkspacesTest" name="tc02_deleteWorkspace" time="28.764"/>
</testsuite> <!-- Test -->
