<?xml version="1.0" encoding="UTF-8"?>
<!-- Generated by org.testng.reporters.JUnitXMLReporter -->
<testsuite hostname="LAPTOP-LULDE715" ignored="0" name="Test" tests="13" failures="1" timestamp="2023-07-26T21:12:51 IDT" time="471.411" errors="0">
  <testcase name="tc01_sortByNameAsc" time="1.464" classname="tests.SortTest"/>
  <testcase name="tc02_sortByNameDesc" time="1.368" classname="tests.SortTest"/>
  <testcase name="tc01_previewProject" time="66.398" classname="tests.ProjectOptionsTest"/>
  <testcase name="tc02_publishProject" time="76.295" classname="tests.ProjectOptionsTest">
    <failure type="java.lang.AssertionError" message="expected [you need a paid plan to be able to publish.] but found []">
      <![CDATA[java.lang.AssertionError: expected [you need a paid plan to be able to publish.] but found []
at tests.ProjectOptionsTest.tc02_publishProject(ProjectOptionsTest.java:49)
at java.util.ArrayList.forEach(ArrayList.java:1257)
... Removed 37 stack frames]]>
    </failure>
  </testcase> <!-- tc02_publishProject -->
  <testcase name="tc03_deleteProject" time="67.409" classname="tests.ProjectOptionsTest"/>
  <testcase name="tc01_failedLogin" time="9.938" classname="tests.FailedLoginTest"/>
  <testcase name="tc01_failedLogin" time="6.611" classname="tests.FailedLoginTest"/>
  <testcase name="tc01_failedLogin" time="6.635" classname="tests.FailedLoginTest"/>
  <testcase name="tc02_failedLogin" time="6.579" classname="tests.FailedLoginTest"/>
  <testcase name="tc03_failedLogin" time="6.606" classname="tests.FailedLoginTest"/>
  <testcase name="tc01_Login" time="1.523" classname="tests.LoginTest"/>
  <testcase name="tc01_addNewProject" time="60.769" classname="tests.ProjectsTest"/>
  <testcase name="tc02_searchProject" time="59.263" classname="tests.ProjectsTest"/>
</testsuite> <!-- Test -->
