<?xml version="1.0" encoding="UTF-8"?>
<testng-results skipped="0" failed="1" ignored="0" total="15" passed="14">
  <reporter-output>
  </reporter-output>
  <suite name="Suite" duration-ms="416835" started-at="2023-09-21T12:34:59 IDT" finished-at="2023-09-21T12:41:55 IDT">
    <groups>
    </groups>
    <test name="Test" duration-ms="416835" started-at="2023-09-21T12:34:59 IDT" finished-at="2023-09-21T12:41:55 IDT">
      <class name="tests.LoginTest">
        <test-method status="PASS" signature="setup()[pri:0, instance:tests.LoginTest@1a6f2363]" name="setup" is-config="true" duration-ms="13506" started-at="2023-09-21T12:34:59 IDT" finished-at="2023-09-21T12:35:12 IDT">
          <reporter-output>
          </reporter-output>
        </test-method> <!-- setup -->
        <test-method status="PASS" signature="setupLogin()[pri:0, instance:tests.LoginTest@1a6f2363]" name="setupLogin" is-config="true" duration-ms="10456" started-at="2023-09-21T12:35:12 IDT" finished-at="2023-09-21T12:35:23 IDT">
          <reporter-output>
          </reporter-output>
        </test-method> <!-- setupLogin -->
        <test-method status="PASS" signature="tc01_login()[pri:0, instance:tests.LoginTest@1a6f2363]" name="tc01_login" duration-ms="2603" started-at="2023-09-21T12:35:23 IDT" description="Login with correct data" finished-at="2023-09-21T12:35:25 IDT">
          <reporter-output>
          </reporter-output>
        </test-method> <!-- tc01_login -->
        <test-method status="PASS" signature="failedTest(org.testng.ITestResult)[pri:0, instance:tests.LoginTest@1a6f2363]" name="failedTest" is-config="true" duration-ms="9" started-at="2023-09-21T12:35:26 IDT" finished-at="2023-09-21T12:35:26 IDT">
          <params>
            <param index="0">
              <value>
                <![CDATA[[TestResult name=tc01_login status=SUCCESS method=LoginTest.tc01_login()[pri:0, instance:tests.LoginTest@1a6f2363] output={null}]]]>
              </value>
            </param>
          </params>
          <reporter-output>
          </reporter-output>
        </test-method> <!-- failedTest -->
        <test-method status="PASS" signature="tearDown()[pri:0, instance:tests.LoginTest@1a6f2363]" name="tearDown" is-config="true" duration-ms="1890" started-at="2023-09-21T12:35:26 IDT" finished-at="2023-09-21T12:35:28 IDT">
          <reporter-output>
          </reporter-output>
        </test-method> <!-- tearDown -->
      </class> <!-- tests.LoginTest -->
      <class name="tests.ProjectOptionsTest">
        <test-method status="PASS" signature="setup()[pri:0, instance:tests.ProjectOptionsTest@74f7d1d2]" name="setup" is-config="true" duration-ms="3508" started-at="2023-09-21T12:38:11 IDT" finished-at="2023-09-21T12:38:14 IDT">
          <reporter-output>
          </reporter-output>
        </test-method> <!-- setup -->
        <test-method status="PASS" signature="setupLogin()[pri:0, instance:tests.ProjectOptionsTest@74f7d1d2]" name="setupLogin" is-config="true" duration-ms="9629" started-at="2023-09-21T12:38:14 IDT" finished-at="2023-09-21T12:38:24 IDT">
          <reporter-output>
          </reporter-output>
        </test-method> <!-- setupLogin -->
        <test-method status="PASS" signature="setupRatingPopUp()[pri:0, instance:tests.ProjectOptionsTest@74f7d1d2]" name="setupRatingPopUp" is-config="true" duration-ms="7652" started-at="2023-09-21T12:38:24 IDT" finished-at="2023-09-21T12:38:31 IDT">
          <reporter-output>
          </reporter-output>
        </test-method> <!-- setupRatingPopUp -->
        <test-method status="PASS" signature="setupWorkSpace()[pri:0, instance:tests.ProjectOptionsTest@74f7d1d2]" name="setupWorkSpace" is-config="true" duration-ms="4325" started-at="2023-09-21T12:38:31 IDT" finished-at="2023-09-21T12:38:36 IDT">
          <reporter-output>
          </reporter-output>
        </test-method> <!-- setupWorkSpace -->
        <test-method status="PASS" signature="tc01_previewProject()[pri:0, instance:tests.ProjectOptionsTest@74f7d1d2]" name="tc01_previewProject" duration-ms="24914" started-at="2023-09-21T12:38:36 IDT" description="Open preview project" finished-at="2023-09-21T12:39:01 IDT">
          <reporter-output>
          </reporter-output>
        </test-method> <!-- tc01_previewProject -->
        <test-method status="PASS" signature="failedTest(org.testng.ITestResult)[pri:0, instance:tests.ProjectOptionsTest@74f7d1d2]" name="failedTest" is-config="true" duration-ms="1" started-at="2023-09-21T12:39:01 IDT" finished-at="2023-09-21T12:39:01 IDT">
          <params>
            <param index="0">
              <value>
                <![CDATA[[TestResult name=tc01_previewProject status=SUCCESS method=ProjectOptionsTest.tc01_previewProject()[pri:0, instance:tests.ProjectOptionsTest@74f7d1d2] output={null}]]]>
              </value>
            </param>
          </params>
          <reporter-output>
          </reporter-output>
        </test-method> <!-- failedTest -->
        <test-method status="PASS" signature="tc02_deleteProject()[pri:0, instance:tests.ProjectOptionsTest@74f7d1d2]" name="tc02_deleteProject" duration-ms="61255" started-at="2023-09-21T12:39:01 IDT" description="Delete a project" finished-at="2023-09-21T12:40:02 IDT">
          <reporter-output>
          </reporter-output>
        </test-method> <!-- tc02_deleteProject -->
        <test-method status="PASS" signature="failedTest(org.testng.ITestResult)[pri:0, instance:tests.ProjectOptionsTest@74f7d1d2]" name="failedTest" is-config="true" duration-ms="1" started-at="2023-09-21T12:40:02 IDT" finished-at="2023-09-21T12:40:02 IDT">
          <params>
            <param index="0">
              <value>
                <![CDATA[[TestResult name=tc02_deleteProject status=SUCCESS method=ProjectOptionsTest.tc02_deleteProject()[pri:0, instance:tests.ProjectOptionsTest@74f7d1d2] output={null}]]]>
              </value>
            </param>
          </params>
          <reporter-output>
          </reporter-output>
        </test-method> <!-- failedTest -->
        <test-method status="FAIL" signature="tc03_publishProject()[pri:0, instance:tests.ProjectOptionsTest@74f7d1d2]" name="tc03_publishProject" duration-ms="45942" started-at="2023-09-21T12:40:02 IDT" description="Publish a project" finished-at="2023-09-21T12:40:48 IDT">
          <exception class="java.lang.AssertionError">
            <message>
              <![CDATA[expected [you need a paid plan to be able to publish.] but found []]]>
            </message>
            <full-stacktrace>
              <![CDATA[java.lang.AssertionError: expected [you need a paid plan to be able to publish.] but found []
at org.testng.Assert.fail(Assert.java:110)
at org.testng.Assert.failNotEquals(Assert.java:1413)
at org.testng.Assert.assertEqualsImpl(Assert.java:149)
at org.testng.Assert.assertEquals(Assert.java:131)
at org.testng.Assert.assertEquals(Assert.java:655)
at org.testng.Assert.assertEquals(Assert.java:665)
at tests.ProjectOptionsTest.tc03_publishProject(ProjectOptionsTest.java:64)
at sun.reflect.NativeMethodAccessorImpl.invoke0(Native Method)
at sun.reflect.NativeMethodAccessorImpl.invoke(NativeMethodAccessorImpl.java:62)
at sun.reflect.DelegatingMethodAccessorImpl.invoke(DelegatingMethodAccessorImpl.java:43)
at java.lang.reflect.Method.invoke(Method.java:498)
at org.testng.internal.invokers.MethodInvocationHelper.invokeMethod(MethodInvocationHelper.java:135)
at org.testng.internal.invokers.TestInvoker.invokeMethod(TestInvoker.java:673)
at org.testng.internal.invokers.TestInvoker.invokeTestMethod(TestInvoker.java:220)
at org.testng.internal.invokers.MethodRunner.runInSequence(MethodRunner.java:50)
at org.testng.internal.invokers.TestInvoker$MethodInvocationAgent.invoke(TestInvoker.java:945)
at org.testng.internal.invokers.TestInvoker.invokeTestMethods(TestInvoker.java:193)
at org.testng.internal.invokers.TestMethodWorker.invokeTestMethods(TestMethodWorker.java:146)
at org.testng.internal.invokers.TestMethodWorker.run(TestMethodWorker.java:128)
at java.util.ArrayList.forEach(ArrayList.java:1257)
at org.testng.TestRunner.privateRun(TestRunner.java:808)
at org.testng.TestRunner.run(TestRunner.java:603)
at org.testng.SuiteRunner.runTest(SuiteRunner.java:429)
at org.testng.SuiteRunner.runSequentially(SuiteRunner.java:423)
at org.testng.SuiteRunner.privateRun(SuiteRunner.java:383)
at org.testng.SuiteRunner.run(SuiteRunner.java:326)
at org.testng.SuiteRunnerWorker.runSuite(SuiteRunnerWorker.java:52)
at org.testng.SuiteRunnerWorker.run(SuiteRunnerWorker.java:95)
at org.testng.TestNG.runSuitesSequentially(TestNG.java:1249)
at org.testng.TestNG.runSuitesLocally(TestNG.java:1169)
at org.testng.TestNG.runSuites(TestNG.java:1092)
at org.testng.TestNG.run(TestNG.java:1060)
at org.apache.maven.surefire.testng.TestNGExecutor.run(TestNGExecutor.java:308)
at org.apache.maven.surefire.testng.TestNGXmlTestSuite.execute(TestNGXmlTestSuite.java:71)
at org.apache.maven.surefire.testng.TestNGProvider.invoke(TestNGProvider.java:113)
at org.apache.maven.surefire.booter.ForkedBooter.runSuitesInProcess(ForkedBooter.java:385)
at org.apache.maven.surefire.booter.ForkedBooter.execute(ForkedBooter.java:162)
at org.apache.maven.surefire.booter.ForkedBooter.run(ForkedBooter.java:507)
at org.apache.maven.surefire.booter.ForkedBooter.main(ForkedBooter.java:495)
]]>
            </full-stacktrace>
          </exception> <!-- java.lang.AssertionError -->
          <reporter-output>
          </reporter-output>
        </test-method> <!-- tc03_publishProject -->
        <test-method status="PASS" signature="failedTest(org.testng.ITestResult)[pri:0, instance:tests.ProjectOptionsTest@74f7d1d2]" name="failedTest" is-config="true" duration-ms="256" started-at="2023-09-21T12:40:48 IDT" finished-at="2023-09-21T12:40:48 IDT">
          <params>
            <param index="0">
              <value>
                <![CDATA[[TestResult name=tc03_publishProject status=FAILURE method=ProjectOptionsTest.tc03_publishProject()[pri:0, instance:tests.ProjectOptionsTest@74f7d1d2] output={null}]]]>
              </value>
            </param>
          </params>
          <reporter-output>
          </reporter-output>
        </test-method> <!-- failedTest -->
        <test-method status="PASS" signature="tearDown()[pri:0, instance:tests.ProjectOptionsTest@74f7d1d2]" name="tearDown" is-config="true" duration-ms="1224" started-at="2023-09-21T12:40:48 IDT" finished-at="2023-09-21T12:40:49 IDT">
          <reporter-output>
          </reporter-output>
        </test-method> <!-- tearDown -->
      </class> <!-- tests.ProjectOptionsTest -->
      <class name="tests.SortTest">
        <test-method status="PASS" signature="setup()[pri:0, instance:tests.SortTest@486be205]" name="setup" is-config="true" duration-ms="4007" started-at="2023-09-21T12:37:41 IDT" finished-at="2023-09-21T12:37:45 IDT">
          <reporter-output>
          </reporter-output>
        </test-method> <!-- setup -->
        <test-method status="PASS" signature="setupLogin()[pri:0, instance:tests.SortTest@486be205]" name="setupLogin" is-config="true" duration-ms="9537" started-at="2023-09-21T12:37:45 IDT" finished-at="2023-09-21T12:37:54 IDT">
          <reporter-output>
          </reporter-output>
        </test-method> <!-- setupLogin -->
        <test-method status="PASS" signature="setupRatingPopUp()[pri:0, instance:tests.SortTest@486be205]" name="setupRatingPopUp" is-config="true" duration-ms="7442" started-at="2023-09-21T12:37:54 IDT" finished-at="2023-09-21T12:38:02 IDT">
          <reporter-output>
          </reporter-output>
        </test-method> <!-- setupRatingPopUp -->
        <test-method status="PASS" signature="setupWorkSpace()[pri:0, instance:tests.SortTest@486be205]" name="setupWorkSpace" is-config="true" duration-ms="4304" started-at="2023-09-21T12:38:02 IDT" finished-at="2023-09-21T12:38:06 IDT">
          <reporter-output>
          </reporter-output>
        </test-method> <!-- setupWorkSpace -->
        <test-method status="PASS" signature="tc01_sortByNameAsc()[pri:0, instance:tests.SortTest@486be205]" name="tc01_sortByNameAsc" duration-ms="1670" started-at="2023-09-21T12:38:06 IDT" description="Sort the projects in ascending order by name" finished-at="2023-09-21T12:38:08 IDT">
          <reporter-output>
          </reporter-output>
        </test-method> <!-- tc01_sortByNameAsc -->
        <test-method status="PASS" signature="failedTest(org.testng.ITestResult)[pri:0, instance:tests.SortTest@486be205]" name="failedTest" is-config="true" duration-ms="0" started-at="2023-09-21T12:38:08 IDT" finished-at="2023-09-21T12:38:08 IDT">
          <params>
            <param index="0">
              <value>
                <![CDATA[[TestResult name=tc01_sortByNameAsc status=SUCCESS method=SortTest.tc01_sortByNameAsc()[pri:0, instance:tests.SortTest@486be205] output={null}]]]>
              </value>
            </param>
          </params>
          <reporter-output>
          </reporter-output>
        </test-method> <!-- failedTest -->
        <test-method status="PASS" signature="tc02_sortByNameDesc()[pri:0, instance:tests.SortTest@486be205]" name="tc02_sortByNameDesc" duration-ms="1689" started-at="2023-09-21T12:38:08 IDT" description="Sort the projects in descending order by name" finished-at="2023-09-21T12:38:09 IDT">
          <reporter-output>
          </reporter-output>
        </test-method> <!-- tc02_sortByNameDesc -->
        <test-method status="PASS" signature="failedTest(org.testng.ITestResult)[pri:0, instance:tests.SortTest@486be205]" name="failedTest" is-config="true" duration-ms="0" started-at="2023-09-21T12:38:09 IDT" finished-at="2023-09-21T12:38:09 IDT">
          <params>
            <param index="0">
              <value>
                <![CDATA[[TestResult name=tc02_sortByNameDesc status=SUCCESS method=SortTest.tc02_sortByNameDesc()[pri:0, instance:tests.SortTest@486be205] output={null}]]]>
              </value>
            </param>
          </params>
          <reporter-output>
          </reporter-output>
        </test-method> <!-- failedTest -->
        <test-method status="PASS" signature="tearDown()[pri:0, instance:tests.SortTest@486be205]" name="tearDown" is-config="true" duration-ms="1468" started-at="2023-09-21T12:38:09 IDT" finished-at="2023-09-21T12:38:11 IDT">
          <reporter-output>
          </reporter-output>
        </test-method> <!-- tearDown -->
      </class> <!-- tests.SortTest -->
      <class name="tests.ProjectsTest">
        <test-method status="PASS" signature="setup()[pri:0, instance:tests.ProjectsTest@23c388c2]" name="setup" is-config="true" duration-ms="3088" started-at="2023-09-21T12:36:21 IDT" finished-at="2023-09-21T12:36:24 IDT">
          <reporter-output>
          </reporter-output>
        </test-method> <!-- setup -->
        <test-method status="PASS" signature="setupLogin()[pri:0, instance:tests.ProjectsTest@23c388c2]" name="setupLogin" is-config="true" duration-ms="9697" started-at="2023-09-21T12:36:24 IDT" finished-at="2023-09-21T12:36:34 IDT">
          <reporter-output>
          </reporter-output>
        </test-method> <!-- setupLogin -->
        <test-method status="PASS" signature="setupRatingPopUp()[pri:0, instance:tests.ProjectsTest@23c388c2]" name="setupRatingPopUp" is-config="true" duration-ms="7626" started-at="2023-09-21T12:36:34 IDT" finished-at="2023-09-21T12:36:42 IDT">
          <reporter-output>
          </reporter-output>
        </test-method> <!-- setupRatingPopUp -->
        <test-method status="PASS" signature="setupWorkSpace()[pri:0, instance:tests.ProjectsTest@23c388c2]" name="setupWorkSpace" is-config="true" duration-ms="4302" started-at="2023-09-21T12:36:42 IDT" finished-at="2023-09-21T12:36:46 IDT">
          <reporter-output>
          </reporter-output>
        </test-method> <!-- setupWorkSpace -->
        <test-method status="PASS" signature="tc01_addNewProject()[pri:0, instance:tests.ProjectsTest@23c388c2]" name="tc01_addNewProject" duration-ms="50521" started-at="2023-09-21T12:36:46 IDT" description="Add a new Project" finished-at="2023-09-21T12:37:37 IDT">
          <reporter-output>
          </reporter-output>
        </test-method> <!-- tc01_addNewProject -->
        <test-method status="PASS" signature="failedTest(org.testng.ITestResult)[pri:0, instance:tests.ProjectsTest@23c388c2]" name="failedTest" is-config="true" duration-ms="1" started-at="2023-09-21T12:37:37 IDT" finished-at="2023-09-21T12:37:37 IDT">
          <params>
            <param index="0">
              <value>
                <![CDATA[[TestResult name=tc01_addNewProject status=SUCCESS method=ProjectsTest.tc01_addNewProject()[pri:0, instance:tests.ProjectsTest@23c388c2] output={null}]]]>
              </value>
            </param>
          </params>
          <reporter-output>
          </reporter-output>
        </test-method> <!-- failedTest -->
        <test-method status="PASS" signature="tc02_searchProject()[pri:0, instance:tests.ProjectsTest@23c388c2]" name="tc02_searchProject" duration-ms="2746" started-at="2023-09-21T12:37:37 IDT" description="Search for a project in the workspace" finished-at="2023-09-21T12:37:39 IDT">
          <reporter-output>
          </reporter-output>
        </test-method> <!-- tc02_searchProject -->
        <test-method status="PASS" signature="failedTest(org.testng.ITestResult)[pri:0, instance:tests.ProjectsTest@23c388c2]" name="failedTest" is-config="true" duration-ms="1" started-at="2023-09-21T12:37:39 IDT" finished-at="2023-09-21T12:37:39 IDT">
          <params>
            <param index="0">
              <value>
                <![CDATA[[TestResult name=tc02_searchProject status=SUCCESS method=ProjectsTest.tc02_searchProject()[pri:0, instance:tests.ProjectsTest@23c388c2] output={null}]]]>
              </value>
            </param>
          </params>
          <reporter-output>
          </reporter-output>
        </test-method> <!-- failedTest -->
        <test-method status="PASS" signature="tearDown()[pri:0, instance:tests.ProjectsTest@23c388c2]" name="tearDown" is-config="true" duration-ms="1291" started-at="2023-09-21T12:37:39 IDT" finished-at="2023-09-21T12:37:41 IDT">
          <reporter-output>
          </reporter-output>
        </test-method> <!-- tearDown -->
      </class> <!-- tests.ProjectsTest -->
      <class name="tests.FailedLoginTest">
        <test-method status="PASS" signature="setup()[pri:0, instance:tests.FailedLoginTest@7fe083b1]" name="setup" is-config="true" duration-ms="4901" started-at="2023-09-21T12:35:28 IDT" finished-at="2023-09-21T12:35:33 IDT">
          <reporter-output>
          </reporter-output>
        </test-method> <!-- setup -->
        <test-method status="PASS" signature="tc01_failedLogin(java.lang.String,java.lang.String)[pri:0, instance:tests.FailedLoginTest@7fe083b1]" name="tc01_failedLogin" duration-ms="10842" started-at="2023-09-21T12:35:33 IDT" data-provider="getData" finished-at="2023-09-21T12:35:43 IDT">
          <params>
            <param index="0">
              <value>
                <![CDATA[levyamit88@gmail.com]]>
              </value>
            </param>
            <param index="1">
              <value>
                <![CDATA[121212]]>
              </value>
            </param>
          </params>
          <reporter-output>
          </reporter-output>
        </test-method> <!-- tc01_failedLogin -->
        <test-method status="PASS" signature="failedTest(org.testng.ITestResult)[pri:0, instance:tests.FailedLoginTest@7fe083b1]" name="failedTest" is-config="true" duration-ms="0" started-at="2023-09-21T12:35:43 IDT" finished-at="2023-09-21T12:35:43 IDT">
          <params>
            <param index="0">
              <value>
                <![CDATA[[TestResult name=tc01_failedLogin status=SUCCESS method=FailedLoginTest.tc01_failedLogin(java.lang.String,java.lang.String)[pri:0, instance:tests.FailedLoginTest@7fe083b1] output={null}]]]>
              </value>
            </param>
          </params>
          <reporter-output>
          </reporter-output>
        </test-method> <!-- failedTest -->
        <test-method status="PASS" signature="tc01_failedLogin(java.lang.String,java.lang.String)[pri:0, instance:tests.FailedLoginTest@7fe083b1]" name="tc01_failedLogin" duration-ms="9213" started-at="2023-09-21T12:35:43 IDT" data-provider="getData" finished-at="2023-09-21T12:35:53 IDT">
          <params>
            <param index="0">
              <value>
                <![CDATA[levy1111@gmail.com]]>
              </value>
            </param>
            <param index="1">
              <value>
                <![CDATA[Aa12121212@]]>
              </value>
            </param>
          </params>
          <reporter-output>
          </reporter-output>
        </test-method> <!-- tc01_failedLogin -->
        <test-method status="PASS" signature="failedTest(org.testng.ITestResult)[pri:0, instance:tests.FailedLoginTest@7fe083b1]" name="failedTest" is-config="true" duration-ms="0" started-at="2023-09-21T12:35:53 IDT" finished-at="2023-09-21T12:35:53 IDT">
          <params>
            <param index="0">
              <value>
                <![CDATA[[TestResult name=tc01_failedLogin status=SUCCESS method=FailedLoginTest.tc01_failedLogin(java.lang.String,java.lang.String)[pri:0, instance:tests.FailedLoginTest@7fe083b1] output={null}]]]>
              </value>
            </param>
          </params>
          <reporter-output>
          </reporter-output>
        </test-method> <!-- failedTest -->
        <test-method status="PASS" signature="tc01_failedLogin(java.lang.String,java.lang.String)[pri:0, instance:tests.FailedLoginTest@7fe083b1]" name="tc01_failedLogin" duration-ms="9129" started-at="2023-09-21T12:35:53 IDT" data-provider="getData" finished-at="2023-09-21T12:36:02 IDT">
          <params>
            <param index="0">
              <value>
                <![CDATA[amitlevy88@gmail.com]]>
              </value>
            </param>
            <param index="1">
              <value>
                <![CDATA[Aa13131313#]]>
              </value>
            </param>
          </params>
          <reporter-output>
          </reporter-output>
        </test-method> <!-- tc01_failedLogin -->
        <test-method status="PASS" signature="failedTest(org.testng.ITestResult)[pri:0, instance:tests.FailedLoginTest@7fe083b1]" name="failedTest" is-config="true" duration-ms="1" started-at="2023-09-21T12:36:02 IDT" finished-at="2023-09-21T12:36:02 IDT">
          <params>
            <param index="0">
              <value>
                <![CDATA[[TestResult name=tc01_failedLogin status=SUCCESS method=FailedLoginTest.tc01_failedLogin(java.lang.String,java.lang.String)[pri:0, instance:tests.FailedLoginTest@7fe083b1] output={null}]]]>
              </value>
            </param>
          </params>
          <reporter-output>
          </reporter-output>
        </test-method> <!-- failedTest -->
        <test-method status="PASS" signature="tc02_failedLogin()[pri:0, instance:tests.FailedLoginTest@7fe083b1]" name="tc02_failedLogin" duration-ms="9114" started-at="2023-09-21T12:36:02 IDT" description="Login with invalid Email address" finished-at="2023-09-21T12:36:11 IDT">
          <reporter-output>
          </reporter-output>
        </test-method> <!-- tc02_failedLogin -->
        <test-method status="PASS" signature="failedTest(org.testng.ITestResult)[pri:0, instance:tests.FailedLoginTest@7fe083b1]" name="failedTest" is-config="true" duration-ms="1" started-at="2023-09-21T12:36:11 IDT" finished-at="2023-09-21T12:36:11 IDT">
          <params>
            <param index="0">
              <value>
                <![CDATA[[TestResult name=tc02_failedLogin status=SUCCESS method=FailedLoginTest.tc02_failedLogin()[pri:0, instance:tests.FailedLoginTest@7fe083b1] output={null}]]]>
              </value>
            </param>
          </params>
          <reporter-output>
          </reporter-output>
        </test-method> <!-- failedTest -->
        <test-method status="PASS" signature="tc03_failedLogin()[pri:0, instance:tests.FailedLoginTest@7fe083b1]" name="tc03_failedLogin" duration-ms="9088" started-at="2023-09-21T12:36:11 IDT" description="Login with invalid password" finished-at="2023-09-21T12:36:20 IDT">
          <reporter-output>
          </reporter-output>
        </test-method> <!-- tc03_failedLogin -->
        <test-method status="PASS" signature="failedTest(org.testng.ITestResult)[pri:0, instance:tests.FailedLoginTest@7fe083b1]" name="failedTest" is-config="true" duration-ms="1" started-at="2023-09-21T12:36:20 IDT" finished-at="2023-09-21T12:36:20 IDT">
          <params>
            <param index="0">
              <value>
                <![CDATA[[TestResult name=tc03_failedLogin status=SUCCESS method=FailedLoginTest.tc03_failedLogin()[pri:0, instance:tests.FailedLoginTest@7fe083b1] output={null}]]]>
              </value>
            </param>
          </params>
          <reporter-output>
          </reporter-output>
        </test-method> <!-- failedTest -->
        <test-method status="PASS" signature="tearDown()[pri:0, instance:tests.FailedLoginTest@7fe083b1]" name="tearDown" is-config="true" duration-ms="1288" started-at="2023-09-21T12:36:20 IDT" finished-at="2023-09-21T12:36:21 IDT">
          <reporter-output>
          </reporter-output>
        </test-method> <!-- tearDown -->
      </class> <!-- tests.FailedLoginTest -->
      <class name="tests.WorkspacesTest">
        <test-method status="PASS" signature="setup()[pri:0, instance:tests.WorkspacesTest@4b4dd216]" name="setup" is-config="true" duration-ms="3592" started-at="2023-09-21T12:40:49 IDT" finished-at="2023-09-21T12:40:53 IDT">
          <reporter-output>
          </reporter-output>
        </test-method> <!-- setup -->
        <test-method status="PASS" signature="setupLogin()[pri:0, instance:tests.WorkspacesTest@4b4dd216]" name="setupLogin" is-config="true" duration-ms="9550" started-at="2023-09-21T12:40:53 IDT" finished-at="2023-09-21T12:41:03 IDT">
          <reporter-output>
          </reporter-output>
        </test-method> <!-- setupLogin -->
        <test-method status="PASS" signature="setupRatingPopUp()[pri:0, instance:tests.WorkspacesTest@4b4dd216]" name="setupRatingPopUp" is-config="true" duration-ms="9137" started-at="2023-09-21T12:41:03 IDT" finished-at="2023-09-21T12:41:12 IDT">
          <reporter-output>
          </reporter-output>
        </test-method> <!-- setupRatingPopUp -->
        <test-method status="PASS" signature="tc01_addNewWorkspace()[pri:0, instance:tests.WorkspacesTest@4b4dd216]" name="tc01_addNewWorkspace" duration-ms="10549" started-at="2023-09-21T12:41:12 IDT" description="Add a new workspace" finished-at="2023-09-21T12:41:22 IDT">
          <reporter-output>
          </reporter-output>
        </test-method> <!-- tc01_addNewWorkspace -->
        <test-method status="PASS" signature="failedTest(org.testng.ITestResult)[pri:0, instance:tests.WorkspacesTest@4b4dd216]" name="failedTest" is-config="true" duration-ms="1" started-at="2023-09-21T12:41:22 IDT" finished-at="2023-09-21T12:41:22 IDT">
          <params>
            <param index="0">
              <value>
                <![CDATA[[TestResult name=tc01_addNewWorkspace status=SUCCESS method=WorkspacesTest.tc01_addNewWorkspace()[pri:0, instance:tests.WorkspacesTest@4b4dd216] output={null}]]]>
              </value>
            </param>
          </params>
          <reporter-output>
          </reporter-output>
        </test-method> <!-- failedTest -->
        <test-method status="PASS" signature="tc02_deleteWorkspace()[pri:0, instance:tests.WorkspacesTest@4b4dd216]" name="tc02_deleteWorkspace" duration-ms="31779" started-at="2023-09-21T12:41:22 IDT" description="Delete a workspace" finished-at="2023-09-21T12:41:54 IDT">
          <reporter-output>
          </reporter-output>
        </test-method> <!-- tc02_deleteWorkspace -->
        <test-method status="PASS" signature="failedTest(org.testng.ITestResult)[pri:0, instance:tests.WorkspacesTest@4b4dd216]" name="failedTest" is-config="true" duration-ms="1" started-at="2023-09-21T12:41:54 IDT" finished-at="2023-09-21T12:41:54 IDT">
          <params>
            <param index="0">
              <value>
                <![CDATA[[TestResult name=tc02_deleteWorkspace status=SUCCESS method=WorkspacesTest.tc02_deleteWorkspace()[pri:0, instance:tests.WorkspacesTest@4b4dd216] output={null}]]]>
              </value>
            </param>
          </params>
          <reporter-output>
          </reporter-output>
        </test-method> <!-- failedTest -->
        <test-method status="PASS" signature="tearDown()[pri:0, instance:tests.WorkspacesTest@4b4dd216]" name="tearDown" is-config="true" duration-ms="1420" started-at="2023-09-21T12:41:54 IDT" finished-at="2023-09-21T12:41:55 IDT">
          <reporter-output>
          </reporter-output>
        </test-method> <!-- tearDown -->
      </class> <!-- tests.WorkspacesTest -->
    </test> <!-- Test -->
  </suite> <!-- Suite -->
</testng-results>
