<?xml version="1.0" encoding="UTF-8"?>
<testng-results ignored="1" total="2" passed="1" failed="0" skipped="0">
  <reporter-output>
  </reporter-output>
  <suite started-at="2023-07-26T21:01:31 IDT" name="Default suite" finished-at="2023-07-26T21:03:01 IDT" duration-ms="89898">
    <groups>
    </groups>
    <test started-at="2023-07-26T21:01:31 IDT" name="Default test" finished-at="2023-07-26T21:03:01 IDT" duration-ms="89898">
      <class name="tests.ProjectsTest">
        <test-method is-config="true" signature="setup()[pri:0, instance:tests.ProjectsTest@377008df]" started-at="2023-07-26T21:01:31 IDT" name="setup" finished-at="2023-07-26T21:01:42 IDT" duration-ms="10712" status="PASS">
          <reporter-output>
          </reporter-output>
        </test-method> <!-- setup -->
        <test-method is-config="true" signature="setupLogin()[pri:0, instance:tests.ProjectsTest@377008df]" started-at="2023-07-26T21:01:42 IDT" name="setupLogin" finished-at="2023-07-26T21:01:51 IDT" duration-ms="9081" status="PASS">
          <reporter-output>
          </reporter-output>
        </test-method> <!-- setupLogin -->
        <test-method is-config="true" signature="setupRatingPopUp()[pri:0, instance:tests.ProjectsTest@377008df]" started-at="2023-07-26T21:01:51 IDT" name="setupRatingPopUp" finished-at="2023-07-26T21:01:58 IDT" duration-ms="7188" status="PASS">
          <reporter-output>
          </reporter-output>
        </test-method> <!-- setupRatingPopUp -->
        <test-method is-config="true" signature="setupWorkSpace()[pri:0, instance:tests.ProjectsTest@377008df]" started-at="2023-07-26T21:01:58 IDT" name="setupWorkSpace" finished-at="2023-07-26T21:02:03 IDT" duration-ms="4270" status="PASS">
          <reporter-output>
          </reporter-output>
        </test-method> <!-- setupWorkSpace -->
        <test-method signature="tc01_addNewProject()[pri:0, instance:tests.ProjectsTest@377008df]" started-at="2023-07-26T21:02:03 IDT" name="tc01_addNewProject" description="Add a new Project" finished-at="2023-07-26T21:03:01 IDT" duration-ms="58442" status="PASS">
          <reporter-output>
          </reporter-output>
        </test-method> <!-- tc01_addNewProject -->
      </class> <!-- tests.ProjectsTest -->
    </test> <!-- Default test -->
  </suite> <!-- Default suite -->
</testng-results>
